<?xml version="1.0" encoding="UTF-8"?>
<testsuite name="com.ait.qa31.AddItemToCartTests" tests="1" skipped="0" failures="0" errors="0" timestamp="2024-03-04T17:10:10" hostname="DESKTOP-URUOCDB" time="28.907">
  <properties/>
  <testcase name="addSecondItemToCartPositiveTest" classname="com.ait.qa31.AddItemToCartTests" time="28.907"/>
  <system-out><![CDATA[]]></system-out>
  <system-err><![CDATA[]]></system-err>
</testsuite>
